<?xml version="1.0" encoding="utf-8" ?>
<testsuite errors="0" failures="0" name="03-interact_with_multiple_ssets" skip="2" tests="29">
    <testcase classname="pbsmrtpipe.testkit.core.test_resources.TestCoreResources.test_job_resource_workflow_files_datastore_json_03-interact_with_multiple_ssets" etype="" name="test_job_resource_workflow_files_datastore_json_03-interact_with_multiple_ssets" result="success" text="" />
    <testcase classname="pbsmrtpipe.testkit.core.test_datastore.TestDataStore.test_job_resource_dir_exists_tasks_03-interact_with_multiple_ssets" etype="" name="test_job_resource_dir_exists_tasks_03-interact_with_multiple_ssets" result="success" text="" />
    <testcase classname="pbsmrtpipe.testkit.core.test_resources.TestCoreResources.test_job_resource_file_exists_job_stdout_03-interact_with_multiple_ssets" etype="" name="test_job_resource_file_exists_job_stdout_03-interact_with_multiple_ssets" result="success" text="" />
    <testcase classname="pbsmrtpipe.testkit.core.test_resources.TestCoreResources.test_job_resource_dir_exists_html_03-interact_with_multiple_ssets" etype="" name="test_job_resource_dir_exists_html_03-interact_with_multiple_ssets" result="success" text="" />
    <testcase classname="pbsmrtpipe.testkit.core.test_resources.TestCoreResources.test_job_resource_file_exists_job_stderr_03-interact_with_multiple_ssets" etype="" name="test_job_resource_file_exists_job_stderr_03-interact_with_multiple_ssets" result="success" text="" />
    <testcase classname="pbsmrtpipe.testkit.core.test_resources.TestCoreResources.test_job_resource_html_images_03-interact_with_multiple_ssets" etype="" name="test_job_resource_html_images_03-interact_with_multiple_ssets" result="success" text="" />
    <testcase classname="pbsmrtpipe.testkit.core.test_resources.TestCoreResources.test_job_resource_workflow_files_report_tasks_json_03-interact_with_multiple_ssets" etype="" name="test_job_resource_workflow_files_report_tasks_json_03-interact_with_multiple_ssets" result="success" text="" />
    <testcase classname="pbsmrtpipe.testkit.core.test_datastore.TestDataStore.test_job_resource_dir_exists_html_03-interact_with_multiple_ssets" etype="" name="test_job_resource_dir_exists_html_03-interact_with_multiple_ssets" result="success" text="" />
    <testcase classname="pbsmrtpipe.testkit.core.test_resources.TestCoreResources.test_job_path_exists_03-interact_with_multiple_ssets" etype="" name="test_job_path_exists_03-interact_with_multiple_ssets" result="success" text="" />
    <testcase classname="pbsmrtpipe.testkit.core.test_datastore.TestDataStoreUuids.test_datastore_report_file_uuid_03-interact_with_multiple_ssets" etype="unittest.case.SkipTest" name="test_datastore_report_file_uuid_03-interact_with_multiple_ssets" result="skipped" text="">
        <skipped message="No Report JSON files in datastore." type="unittest.case.SkipTest" />
    </testcase>
    <testcase classname="pbsmrtpipe.testkit.core.test_resources.TestCoreResources.test_job_resource_workflow_files_options_task_json_03-interact_with_multiple_ssets" etype="" name="test_job_resource_workflow_files_options_task_json_03-interact_with_multiple_ssets" result="success" text="" />
    <testcase classname="pbsmrtpipe.testkit.core.test_datastore.TestDataStore.test_load_datastore_from_file_03-interact_with_multiple_ssets" etype="" name="test_load_datastore_from_file_03-interact_with_multiple_ssets" result="success" text="" />
    <testcase classname="pbsmrtpipe.testkit.core.test_datastore.TestDataStoreFileLabels.test_datastore_file_name_and_description_03-interact_with_multiple_ssets" etype="" name="test_datastore_file_name_and_description_03-interact_with_multiple_ssets" result="success" text="" />
    <testcase classname="pbsmrtpipe.testkit.core.test_resources.TestCoreResources.test_job_resource_html_css_03-interact_with_multiple_ssets" etype="" name="test_job_resource_html_css_03-interact_with_multiple_ssets" result="success" text="" />
    <testcase classname="pbsmrtpipe.testkit.core.test_resources.TestCoreResources.test_job_resource_dir_exists_workflow_03-interact_with_multiple_ssets" etype="" name="test_job_resource_dir_exists_workflow_03-interact_with_multiple_ssets" result="success" text="" />
    <testcase classname="pbsmrtpipe.testkit.core.test_resources.TestCoreResources.test_job_resource_workflow_files_options_workflow_json_03-interact_with_multiple_ssets" etype="" name="test_job_resource_workflow_files_options_workflow_json_03-interact_with_multiple_ssets" result="success" text="" />
    <testcase classname="pbsmrtpipe.testkit.core.test_zero.TestSmrtPipeReturnCode.test_a_workflow_was_successful_03-interact_with_multiple_ssets" etype="" name="test_a_workflow_was_successful_03-interact_with_multiple_ssets" result="success" text="" />
    <testcase classname="pbsmrtpipe.testkit.core.test_resources.TestCoreResources.test_job_resource_html_js_03-interact_with_multiple_ssets" etype="" name="test_job_resource_html_js_03-interact_with_multiple_ssets" result="success" text="" />
    <testcase classname="pbsmrtpipe.testkit.core.test_datastore.TestDataStore.test_job_resource_dir_exists_workflow_03-interact_with_multiple_ssets" etype="" name="test_job_resource_dir_exists_workflow_03-interact_with_multiple_ssets" result="success" text="" />
    <testcase classname="pbsmrtpipe.testkit.core.test_resources.TestCoreResources.test_job_resource_workflow_files_entry_points_json_03-interact_with_multiple_ssets" etype="" name="test_job_resource_workflow_files_entry_points_json_03-interact_with_multiple_ssets" result="success" text="" />
    <testcase classname="pbsmrtpipe.testkit.core.test_zero.TestSmrtPipeReturnCode.test_no_errors_in_log_03-interact_with_multiple_ssets" etype="" name="test_no_errors_in_log_03-interact_with_multiple_ssets" result="success" text="" />
    <testcase classname="pbsmrtpipe.testkit.core.test_datastore.TestDataStoreFiles.test_validators_datastore_file__pacbio_filetypes_jsonreport_03-interact_with_multiple_ssets" etype="" name="test_validators_datastore_file__pacbio_filetypes_jsonreport_03-interact_with_multiple_ssets" result="success" text="" />
    <testcase classname="pbsmrtpipe.testkit.core.test_resources.TestCoreResources.test_job_resource_dir_exists_tasks_03-interact_with_multiple_ssets" etype="" name="test_job_resource_dir_exists_tasks_03-interact_with_multiple_ssets" result="success" text="" />
    <testcase classname="pbsmrtpipe.testkit.core.test_datastore.TestDataStoreUuids.test_datastore_dataset_file_uuid_03-interact_with_multiple_ssets" etype="unittest.case.SkipTest" name="test_datastore_dataset_file_uuid_03-interact_with_multiple_ssets" result="skipped" text="">
        <skipped message="No DataSet XML files in datastore." type="unittest.case.SkipTest" />
    </testcase>
    <testcase classname="pbsmrtpipe.testkit.core.test_resources.TestCoreResources.test_job_resource_dir_exists_logs_03-interact_with_multiple_ssets" etype="" name="test_job_resource_dir_exists_logs_03-interact_with_multiple_ssets" result="success" text="" />
    <testcase classname="pbsmrtpipe.testkit.core.test_resources.TestCoreResources.test_job_resource_workflow_files_workflow_png_03-interact_with_multiple_ssets" etype="" name="test_job_resource_workflow_files_workflow_png_03-interact_with_multiple_ssets" result="success" text="" />
    <testcase classname="pbsmrtpipe.testkit.core.test_datastore.TestDataStoreFiles.test_validators_datastore_file__pacbio_filetypes_fasta_03-interact_with_multiple_ssets" etype="" name="test_validators_datastore_file__pacbio_filetypes_fasta_03-interact_with_multiple_ssets" result="success" text="" />
    <testcase classname="pbsmrtpipe.testkit.core.test_resources.TestCoreResources.test_job_resource_workflow_files_workflow_dot_03-interact_with_multiple_ssets" etype="" name="test_job_resource_workflow_files_workflow_dot_03-interact_with_multiple_ssets" result="success" text="" />
    <testcase classname="pbsmrtpipe.testkit.core.test_resources.TestCoreResources.test_job_resource_workflow_files_workflow_svg_03-interact_with_multiple_ssets" etype="" name="test_job_resource_workflow_files_workflow_svg_03-interact_with_multiple_ssets" result="success" text="" />
</testsuite>